<?xml version="1.0" encoding="UTF-8"?>
<!-- Generated by org.testng.reporters.JUnitReportReporter -->
<testsuite skipped="0" hostname="DESKTOP-VDRSD1O" name="dataPackage.NewTest" tests="8" failures="0" timestamp="2022-01-08T19:39:38 IST" time="0.028" errors="0">
  <testcase name="test12" time="0.003" classname="dataPackage.NewTest"/>
  <system-out/>
  <testcase name="test1" time="0.003" classname="dataPackage.NewTest"/>
  <system-out/>
  <testcase name="test1" time="0.002" classname="dataPackage.NewTest"/>
  <system-out/>
  <testcase name="f" time="0.003" classname="dataPackage.NewTest"/>
  <system-out/>
  <testcase name="test12" time="0.004" classname="dataPackage.NewTest"/>
  <system-out/>
  <testcase name="f" time="0.002" classname="dataPackage.NewTest"/>
  <system-out/>
  <testcase name="f" time="0.002" classname="dataPackage.NewTest"/>
  <system-out/>
  <testcase name="f" time="0.009" classname="dataPackage.NewTest"/>
  <system-out/>
</testsuite> <!-- dataPackage.NewTest -->
