<?xml version="1.0" encoding="UTF-8"?>
<!-- Generated by org.testng.reporters.JUnitReportReporter -->
<testsuite hostname="DESKTOP-VDRSD1O" failures="0" tests="1" name="TestCases.LoginTC" time="5.511" errors="0" timestamp="2022-01-18T20:43:08 IST" skipped="0">
  <testcase classname="TestCases.LoginTC" name="logintest" time="5.511"/>
  <system-out/>
</testsuite> <!-- TestCases.LoginTC -->
